Performing C SOURCE FILE Test CMAKE_HAVE_LIBC_PTHREAD failed with the following output:
Change Dir: /root/test/ServerClientBoost/Client/build/CMakeFiles/CMakeTmp

Run Build Command(s):/usr/bin/gmake cmTC_a1f1f/fast && /usr/bin/gmake  -f CMakeFiles/cmTC_a1f1f.dir/build.make CMakeFiles/cmTC_a1f1f.dir/build
gmake[1]: вход в каталог «/root/test/ServerClientBoost/Client/build/CMakeFiles/CMakeTmp»
Building C object CMakeFiles/cmTC_a1f1f.dir/src.c.o
/usr/bin/cc   -DCMAKE_HAVE_LIBC_PTHREAD -o CMakeFiles/cmTC_a1f1f.dir/src.c.o -c /root/test/ServerClientBoost/Client/build/CMakeFiles/CMakeTmp/src.c
Linking C executable cmTC_a1f1f
/usr/bin/cmake -E cmake_link_script CMakeFiles/cmTC_a1f1f.dir/link.txt --verbose=1
/usr/bin/cc  -DCMAKE_HAVE_LIBC_PTHREAD -rdynamic CMakeFiles/cmTC_a1f1f.dir/src.c.o -o cmTC_a1f1f 
/usr/bin/ld: CMakeFiles/cmTC_a1f1f.dir/src.c.o: в функции «main»:
src.c:(.text+0x2f): неопределённая ссылка на «pthread_create»
/usr/bin/ld: src.c:(.text+0x3b): неопределённая ссылка на «pthread_detach»
/usr/bin/ld: src.c:(.text+0x47): неопределённая ссылка на «pthread_cancel»
/usr/bin/ld: src.c:(.text+0x58): неопределённая ссылка на «pthread_join»
collect2: error: ld returned 1 exit status
gmake[1]: *** [CMakeFiles/cmTC_a1f1f.dir/build.make:106: cmTC_a1f1f] Ошибка 1
gmake[1]: выход из каталога «/root/test/ServerClientBoost/Client/build/CMakeFiles/CMakeTmp»
gmake: *** [Makefile:140: cmTC_a1f1f/fast] Ошибка 2


Source file was:
#include <pthread.h>

void* test_func(void* data)
{
  return data;
}

int main(void)
{
  pthread_t thread;
  pthread_create(&thread, NULL, test_func, NULL);
  pthread_detach(thread);
  pthread_cancel(thread);
  pthread_join(thread, NULL);
  pthread_atfork(NULL, NULL, NULL);
  pthread_exit(NULL);

  return 0;
}

Determining if the function pthread_create exists in the pthreads failed with the following output:
Change Dir: /root/test/ServerClientBoost/Client/build/CMakeFiles/CMakeTmp

Run Build Command(s):/usr/bin/gmake cmTC_1958f/fast && /usr/bin/gmake  -f CMakeFiles/cmTC_1958f.dir/build.make CMakeFiles/cmTC_1958f.dir/build
gmake[1]: вход в каталог «/root/test/ServerClientBoost/Client/build/CMakeFiles/CMakeTmp»
Building C object CMakeFiles/cmTC_1958f.dir/CheckFunctionExists.c.o
/usr/bin/cc   -DCHECK_FUNCTION_EXISTS=pthread_create -o CMakeFiles/cmTC_1958f.dir/CheckFunctionExists.c.o -c /usr/share/cmake-3.18/Modules/CheckFunctionExists.c
Linking C executable cmTC_1958f
/usr/bin/cmake -E cmake_link_script CMakeFiles/cmTC_1958f.dir/link.txt --verbose=1
/usr/bin/cc  -DCHECK_FUNCTION_EXISTS=pthread_create -rdynamic CMakeFiles/cmTC_1958f.dir/CheckFunctionExists.c.o -o cmTC_1958f  -lpthreads 
/usr/bin/ld: невозможно найти -lpthreads
collect2: error: ld returned 1 exit status
gmake[1]: *** [CMakeFiles/cmTC_1958f.dir/build.make:106: cmTC_1958f] Ошибка 1
gmake[1]: выход из каталога «/root/test/ServerClientBoost/Client/build/CMakeFiles/CMakeTmp»
gmake: *** [Makefile:140: cmTC_1958f/fast] Ошибка 2



